[debug] [2018-12-13T00:39:31.040Z] ----------------------------------------------------------------------
[debug] [2018-12-13T00:39:31.042Z] Command:       /usr/local/Cellar/node/10.11.0/bin/node /usr/local/bin/firebase init
[debug] [2018-12-13T00:39:31.042Z] CLI Version:   6.1.2
[debug] [2018-12-13T00:39:31.042Z] Platform:      darwin
[debug] [2018-12-13T00:39:31.042Z] Node Version:  v10.11.0
[debug] [2018-12-13T00:39:31.043Z] Time:          Wed Dec 12 2018 18:39:31 GMT-0600 (Central Standard Time)
[debug] [2018-12-13T00:39:31.043Z] ----------------------------------------------------------------------
[debug] 
[debug] [2018-12-13T00:39:31.050Z] > command requires scopes: ["email","openid","https://www.googleapis.com/auth/cloudplatformprojects.readonly","https://www.googleapis.com/auth/firebase","https://www.googleapis.com/auth/cloud-platform"]
[debug] [2018-12-13T00:39:31.050Z] > authorizing via signed-in user
[info] 
     ######## #### ########  ######## ########     ###     ######  ########
     ##        ##  ##     ## ##       ##     ##  ##   ##  ##       ##
     ######    ##  ########  ######   ########  #########  ######  ######
     ##        ##  ##    ##  ##       ##     ## ##     ##       ## ##
     ##       #### ##     ## ######## ########  ##     ##  ######  ########

You're about to initialize a Firebase project in this directory:

  /Users/shanesmacbookpro/workspace/data-driven-applications/exercises/developer-plus-plus

[info] 
=== Project Setup
[info] 
[info] First, let's associate this project directory with a Firebase project.
[info] You can create multiple project aliases by running firebase use --add, 
[info] but for now we'll just set up a default project.
[info] 
[debug] [2018-12-13T00:39:36.556Z] >>> HTTP REQUEST GET https://firebase.googleapis.com/v1beta1/projects?page_size=100  
 
[debug] [2018-12-13T00:39:36.812Z] <<< HTTP RESPONSE 200
